  main.cpp
c:\users\admin\source\repos\5010b-cw\5010b-cw\shinigami.h(29): warning C4244: '=': conversion from 'int' to 'GLfloat', possible loss of data
c:\users\admin\source\repos\5010b-cw\5010b-cw\shinigami.h(30): warning C4244: '=': conversion from 'int' to 'GLfloat', possible loss of data
c:\users\admin\source\repos\5010b-cw\5010b-cw\shinigami.h(60): warning C4305: 'argument': truncation from 'double' to 'GLfloat'
c:\users\admin\source\repos\5010b-cw\5010b-cw\shinigami.h(129): warning C4244: '=': conversion from 'double' to 'GLfloat', possible loss of data
c:\users\admin\source\repos\5010b-cw\5010b-cw\shinigami.h(140): warning C4018: '<': signed/unsigned mismatch
c:\users\admin\source\repos\5010b-cw\5010b-cw\shinigami.h(151): warning C4018: '<': signed/unsigned mismatch
c:\users\admin\source\repos\5010b-cw\5010b-cw\shinigami.h(160): warning C4018: '<': signed/unsigned mismatch
c:\users\admin\source\repos\5010b-cw\5010b-cw\arrow.h(20): warning C4244: '=': conversion from 'int' to 'float', possible loss of data
c:\users\admin\source\repos\5010b-cw\5010b-cw\arrow.h(21): warning C4244: '=': conversion from 'int' to 'float', possible loss of data
c:\users\admin\source\repos\5010b-cw\5010b-cw\arrow.h(29): warning C4244: '=': conversion from 'double' to 'float', possible loss of data
c:\users\admin\source\repos\5010b-cw\5010b-cw\arrow.h(39): warning C4305: '+=': truncation from 'double' to 'float'
c:\users\admin\source\repos\5010b-cw\5010b-cw\arrow.h(43): warning C4244: '+=': conversion from 'double' to 'float', possible loss of data
c:\users\admin\source\repos\5010b-cw\5010b-cw\arrow.h(86): warning C4244: 'return': conversion from 'float' to 'int', possible loss of data
c:\users\admin\source\repos\5010b-cw\5010b-cw\camera.h(50): warning C4244: 'argument': conversion from 'int' to 'GLfloat', possible loss of data
c:\users\admin\source\repos\5010b-cw\5010b-cw\camera.h(55): warning C4244: 'argument': conversion from 'int' to 'GLfloat', possible loss of data
c:\users\admin\source\repos\5010b-cw\5010b-cw\camera.h(60): warning C4244: 'argument': conversion from 'int' to 'GLfloat', possible loss of data
c:\users\admin\source\repos\5010b-cw\5010b-cw\game.h(98): warning C4018: '<': signed/unsigned mismatch
c:\users\admin\source\repos\5010b-cw\5010b-cw\game.h(100): warning C4244: '=': conversion from 'int' to 'float', possible loss of data
c:\users\admin\source\repos\5010b-cw\5010b-cw\game.h(101): warning C4244: '=': conversion from 'int' to 'float', possible loss of data
c:\users\admin\source\repos\5010b-cw\5010b-cw\game.h(103): warning C4244: 'argument': conversion from 'int' to 'GLfloat', possible loss of data
c:\users\admin\source\repos\5010b-cw\5010b-cw\game.h(104): warning C4244: 'argument': conversion from 'int' to 'GLfloat', possible loss of data
c:\users\admin\source\repos\5010b-cw\5010b-cw\game.h(105): warning C4244: 'argument': conversion from 'int' to 'GLfloat', possible loss of data
c:\users\admin\source\repos\5010b-cw\5010b-cw\game.h(106): warning C4244: 'argument': conversion from 'int' to 'GLfloat', possible loss of data
c:\users\admin\source\repos\5010b-cw\5010b-cw\game.h(117): warning C4018: '<': signed/unsigned mismatch
c:\users\admin\source\repos\5010b-cw\5010b-cw\game.h(119): warning C4244: '=': conversion from 'int' to 'float', possible loss of data
c:\users\admin\source\repos\5010b-cw\5010b-cw\game.h(120): warning C4244: '=': conversion from 'int' to 'float', possible loss of data
c:\users\admin\source\repos\5010b-cw\5010b-cw\game.h(122): warning C4244: 'argument': conversion from '_Ty' to 'GLfloat', possible loss of data
          with
          [
              _Ty=int
          ]
c:\users\admin\source\repos\5010b-cw\5010b-cw\game.h(123): warning C4244: 'argument': conversion from '_Ty' to 'GLfloat', possible loss of data
          with
          [
              _Ty=int
          ]
c:\users\admin\source\repos\5010b-cw\5010b-cw\game.h(124): warning C4244: 'argument': conversion from '_Ty' to 'GLfloat', possible loss of data
          with
          [
              _Ty=int
          ]
c:\users\admin\source\repos\5010b-cw\5010b-cw\game.h(125): warning C4244: 'argument': conversion from '_Ty' to 'GLfloat', possible loss of data
          with
          [
              _Ty=int
          ]
c:\users\admin\source\repos\5010b-cw\5010b-cw\game.h(134): warning C4018: '<': signed/unsigned mismatch
c:\users\admin\source\repos\5010b-cw\5010b-cw\game.h(136): warning C4244: '=': conversion from 'int' to 'float', possible loss of data
c:\users\admin\source\repos\5010b-cw\5010b-cw\game.h(137): warning C4244: '=': conversion from 'int' to 'float', possible loss of data
c:\users\admin\source\repos\5010b-cw\5010b-cw\game.h(150): warning C4244: 'argument': conversion from '_Ty' to 'GLfloat', possible loss of data
          with
          [
              _Ty=int
          ]
c:\users\admin\source\repos\5010b-cw\5010b-cw\game.h(151): warning C4244: 'argument': conversion from '_Ty' to 'GLfloat', possible loss of data
          with
          [
              _Ty=int
          ]
c:\users\admin\source\repos\5010b-cw\5010b-cw\game.h(152): warning C4244: 'argument': conversion from '_Ty' to 'GLfloat', possible loss of data
          with
          [
              _Ty=int
          ]
c:\users\admin\source\repos\5010b-cw\5010b-cw\game.h(153): warning C4244: 'argument': conversion from '_Ty' to 'GLfloat', possible loss of data
          with
          [
              _Ty=int
          ]
c:\users\admin\source\repos\5010b-cw\5010b-cw\game.h(162): warning C4018: '<': signed/unsigned mismatch
c:\users\admin\source\repos\5010b-cw\5010b-cw\game.h(164): warning C4244: '=': conversion from 'int' to 'float', possible loss of data
c:\users\admin\source\repos\5010b-cw\5010b-cw\game.h(165): warning C4244: '=': conversion from 'int' to 'float', possible loss of data
c:\users\admin\source\repos\5010b-cw\5010b-cw\game.h(178): warning C4244: 'argument': conversion from '_Ty' to 'GLfloat', possible loss of data
          with
          [
              _Ty=int
          ]
c:\users\admin\source\repos\5010b-cw\5010b-cw\game.h(179): warning C4244: 'argument': conversion from '_Ty' to 'GLfloat', possible loss of data
          with
          [
              _Ty=int
          ]
c:\users\admin\source\repos\5010b-cw\5010b-cw\game.h(180): warning C4244: 'argument': conversion from '_Ty' to 'GLfloat', possible loss of data
          with
          [
              _Ty=int
          ]
c:\users\admin\source\repos\5010b-cw\5010b-cw\game.h(181): warning C4244: 'argument': conversion from '_Ty' to 'GLfloat', possible loss of data
          with
          [
              _Ty=int
          ]
c:\users\admin\source\repos\5010b-cw\5010b-cw\game.h(212): warning C4018: '<': signed/unsigned mismatch
c:\users\admin\source\repos\5010b-cw\5010b-cw\game.h(214): warning C4244: '=': conversion from 'int' to 'float', possible loss of data
c:\users\admin\source\repos\5010b-cw\5010b-cw\game.h(215): warning C4244: '=': conversion from 'int' to 'float', possible loss of data
c:\users\admin\source\repos\5010b-cw\5010b-cw\game.h(217): warning C4244: 'argument': conversion from '_Ty' to 'GLfloat', possible loss of data
          with
          [
              _Ty=int
          ]
c:\users\admin\source\repos\5010b-cw\5010b-cw\game.h(218): warning C4244: 'argument': conversion from '_Ty' to 'GLfloat', possible loss of data
          with
          [
              _Ty=int
          ]
c:\users\admin\source\repos\5010b-cw\5010b-cw\game.h(219): warning C4244: 'argument': conversion from '_Ty' to 'GLfloat', possible loss of data
          with
          [
              _Ty=int
          ]
c:\users\admin\source\repos\5010b-cw\5010b-cw\game.h(220): warning C4244: 'argument': conversion from '_Ty' to 'GLfloat', possible loss of data
          with
          [
              _Ty=int
          ]
c:\users\admin\source\repos\5010b-cw\5010b-cw\game.h(232): warning C4018: '<': signed/unsigned mismatch
c:\users\admin\source\repos\5010b-cw\5010b-cw\game.h(234): warning C4244: 'argument': conversion from '_Ty' to 'GLfloat', possible loss of data
          with
          [
              _Ty=int
          ]
c:\users\admin\source\repos\5010b-cw\5010b-cw\game.h(235): warning C4244: 'argument': conversion from '_Ty' to 'GLfloat', possible loss of data
          with
          [
              _Ty=int
          ]
c:\users\admin\source\repos\5010b-cw\5010b-cw\game.h(236): warning C4244: 'argument': conversion from '_Ty' to 'GLfloat', possible loss of data
          with
          [
              _Ty=int
          ]
c:\users\admin\source\repos\5010b-cw\5010b-cw\game.h(237): warning C4244: 'argument': conversion from '_Ty' to 'GLfloat', possible loss of data
          with
          [
              _Ty=int
          ]
c:\users\admin\source\repos\5010b-cw\5010b-cw\game.h(249): warning C4018: '<': signed/unsigned mismatch
c:\users\admin\source\repos\5010b-cw\5010b-cw\game.h(251): warning C4244: 'argument': conversion from '_Ty' to 'GLfloat', possible loss of data
          with
          [
              _Ty=int
          ]
c:\users\admin\source\repos\5010b-cw\5010b-cw\game.h(252): warning C4244: 'argument': conversion from '_Ty' to 'GLfloat', possible loss of data
          with
          [
              _Ty=int
          ]
c:\users\admin\source\repos\5010b-cw\5010b-cw\game.h(253): warning C4244: 'argument': conversion from '_Ty' to 'GLfloat', possible loss of data
          with
          [
              _Ty=int
          ]
c:\users\admin\source\repos\5010b-cw\5010b-cw\game.h(254): warning C4244: 'argument': conversion from '_Ty' to 'GLfloat', possible loss of data
          with
          [
              _Ty=int
          ]
c:\users\admin\source\repos\5010b-cw\5010b-cw\game.h(265): warning C4244: 'argument': conversion from '_Ty' to 'GLfloat', possible loss of data
          with
          [
              _Ty=int
          ]
c:\users\admin\source\repos\5010b-cw\5010b-cw\game.h(266): warning C4244: 'argument': conversion from '_Ty' to 'GLfloat', possible loss of data
          with
          [
              _Ty=int
          ]
c:\users\admin\source\repos\5010b-cw\5010b-cw\game.h(267): warning C4244: 'argument': conversion from '_Ty' to 'GLfloat', possible loss of data
          with
          [
              _Ty=int
          ]
c:\users\admin\source\repos\5010b-cw\5010b-cw\game.h(268): warning C4244: 'argument': conversion from '_Ty' to 'GLfloat', possible loss of data
          with
          [
              _Ty=int
          ]
c:\users\admin\source\repos\5010b-cw\5010b-cw\game.h(275): warning C4018: '<': signed/unsigned mismatch
c:\users\admin\source\repos\5010b-cw\5010b-cw\game.h(321): warning C4305: 'argument': truncation from 'double' to 'GLfloat'
c:\users\admin\source\repos\5010b-cw\5010b-cw\game.h(343): warning C4305: 'argument': truncation from 'double' to 'GLfloat'
c:\users\admin\source\repos\5010b-cw\5010b-cw\menu.h(34): warning C4305: 'argument': truncation from 'double' to 'GLfloat'
c:\users\admin\source\repos\5010b-cw\5010b-cw\menu.h(35): warning C4474: 'sprintf_s' : too many arguments passed for format string
  c:\users\admin\source\repos\5010b-cw\5010b-cw\menu.h(35): note: placeholders and their parameters expect 0 variadic arguments, but 2 were provided
  5010B-CW.vcxproj -> C:\Users\admin\source\repos\5010B-CW\Debug\5010B-CW.exe
